0 info it worked if it ends with ok
1 verbose cli [ 'C:\\Program Files\\nodejs\\\\node.exe',
1 verbose cli   'C:\\Program Files\\nodejs\\node_modules\\npm\\bin\\npm-cli.js',
1 verbose cli   'install' ]
2 info using npm@1.3.24
3 info using node@v0.10.25
4 verbose node symlink C:\Program Files\nodejs\\node.exe
5 verbose readDependencies using package.json deps
6 verbose install where, deps [ 'C:\\Users\\ssankarapana\\YourDeals\\YourDeals',
6 verbose install   [ 'express', 'jade' ] ]
7 info preinstall YourDeals@0.0.1
8 verbose readDependencies using package.json deps
9 verbose cache add [ 'express@3.5.1', null ]
10 verbose cache add name=undefined spec="express@3.5.1" args=["express@3.5.1",null]
11 verbose parsed url { protocol: null,
11 verbose parsed url   slashes: null,
11 verbose parsed url   auth: null,
11 verbose parsed url   host: null,
11 verbose parsed url   port: null,
11 verbose parsed url   hostname: null,
11 verbose parsed url   hash: null,
11 verbose parsed url   search: null,
11 verbose parsed url   query: null,
11 verbose parsed url   pathname: 'express@3.5.1',
11 verbose parsed url   path: 'express@3.5.1',
11 verbose parsed url   href: 'express@3.5.1' }
12 verbose cache add name="express" spec="3.5.1" args=["express","3.5.1"]
13 verbose parsed url { protocol: null,
13 verbose parsed url   slashes: null,
13 verbose parsed url   auth: null,
13 verbose parsed url   host: null,
13 verbose parsed url   port: null,
13 verbose parsed url   hostname: null,
13 verbose parsed url   hash: null,
13 verbose parsed url   search: null,
13 verbose parsed url   query: null,
13 verbose parsed url   pathname: '3.5.1',
13 verbose parsed url   path: '3.5.1',
13 verbose parsed url   href: '3.5.1' }
14 verbose addNamed [ 'express', '3.5.1' ]
15 verbose addNamed [ '3.5.1', '3.5.1' ]
16 verbose cache add [ 'jade@*', null ]
17 verbose cache add name=undefined spec="jade@*" args=["jade@*",null]
18 verbose parsed url { protocol: null,
18 verbose parsed url   slashes: null,
18 verbose parsed url   auth: null,
18 verbose parsed url   host: null,
18 verbose parsed url   port: null,
18 verbose parsed url   hostname: null,
18 verbose parsed url   hash: null,
18 verbose parsed url   search: null,
18 verbose parsed url   query: null,
18 verbose parsed url   pathname: 'jade@*',
18 verbose parsed url   path: 'jade@*',
18 verbose parsed url   href: 'jade@*' }
19 verbose cache add name="jade" spec="*" args=["jade","*"]
20 verbose parsed url { protocol: null,
20 verbose parsed url   slashes: null,
20 verbose parsed url   auth: null,
20 verbose parsed url   host: null,
20 verbose parsed url   port: null,
20 verbose parsed url   hostname: null,
20 verbose parsed url   hash: null,
20 verbose parsed url   search: null,
20 verbose parsed url   query: null,
20 verbose parsed url   pathname: '*',
20 verbose parsed url   path: '*',
20 verbose parsed url   href: '*' }
21 verbose addNamed [ 'jade', '*' ]
22 verbose addNamed [ null, '*' ]
23 silly lockFile d983726f-express-3-5-1 express@3.5.1
24 verbose lock express@3.5.1 C:\Users\ssankarapana\AppData\Roaming\npm-cache\d983726f-express-3-5-1.lock
25 silly lockFile ad03ed78-jade jade@*
26 verbose lock jade@* C:\Users\ssankarapana\AppData\Roaming\npm-cache\ad03ed78-jade.lock
27 silly addNameRange { name: 'jade', range: '*', hasData: false }
28 verbose url raw express/3.5.1
29 verbose url resolving [ 'http://npm.paypal.com/', './express/3.5.1' ]
30 verbose url resolved http://npm.paypal.com/express/3.5.1
31 info trying registry request attempt 1 at 11:46:18
32 http GET http://npm.paypal.com/express/3.5.1
33 verbose url raw jade
34 verbose url resolving [ 'http://npm.paypal.com/', './jade' ]
35 verbose url resolved http://npm.paypal.com/jade
36 info trying registry request attempt 1 at 11:46:18
37 verbose etag "T9IHORTIWWXB4YVHGRHMDYC2"
38 http GET http://npm.paypal.com/jade
39 http 403 http://npm.paypal.com/jade
40 error TypeError: Cannot call method 'match' of undefined
40 error     at RegClient.<anonymous> (C:\Program Files\nodejs\node_modules\npm\node_modules\npm-registry-client\lib\request.js:119:29)
40 error     at cb (C:\Program Files\nodejs\node_modules\npm\node_modules\npm-registry-client\lib\request.js:158:9)
40 error     at RegClient.<anonymous> (C:\Program Files\nodejs\node_modules\npm\node_modules\npm-registry-client\lib\request.js:255:14)
40 error     at Request.self.callback (C:\Program Files\nodejs\node_modules\npm\node_modules\request\request.js:123:22)
40 error     at Request.EventEmitter.emit (events.js:98:17)
40 error     at Request.<anonymous> (C:\Program Files\nodejs\node_modules\npm\node_modules\request\request.js:893:14)
40 error     at Request.EventEmitter.emit (events.js:117:20)
40 error     at IncomingMessage.<anonymous> (C:\Program Files\nodejs\node_modules\npm\node_modules\request\request.js:844:12)
40 error     at IncomingMessage.EventEmitter.emit (events.js:117:20)
40 error     at _stream_readable.js:920:16
41 error If you need help, you may report this *entire* log,
41 error including the npm and node versions, at:
41 error     <http://github.com/isaacs/npm/issues>
42 error System Windows_NT 6.1.7601
43 error command "C:\\Program Files\\nodejs\\\\node.exe" "C:\\Program Files\\nodejs\\node_modules\\npm\\bin\\npm-cli.js" "install"
44 error cwd C:\Users\ssankarapana\YourDeals\YourDeals
45 error node -v v0.10.25
46 error npm -v 1.3.24
47 error type non_object_property_call
48 verbose exit [ 1, true ]
